<?xml version="1.0" encoding="UTF-8"?>
<!-- Generated by org.testng.reporters.JUnitReportReporter -->
<testsuite hostname="LAPTOP-CS5SNTU8" failures="0" tests="6" name="api.test.DDTests" time="3.726" errors="0" timestamp="2024-02-26T22:12:23 EST" skipped="0">
  <testcase classname="api.test.DDTests" name="testPostUser" time="0.230"/>
  <testcase classname="api.test.DDTests" name="testPostUser" time="0.229"/>
  <testcase classname="api.test.DDTests" name="testPostUser" time="2.517"/>
  <testcase classname="api.test.DDTests" name="testDeleteUserByName" time="0.233"/>
  <testcase classname="api.test.DDTests" name="testDeleteUserByName" time="0.242"/>
  <testcase classname="api.test.DDTests" name="testDeleteUserByName" time="0.275"/>
</testsuite> <!-- api.test.DDTests -->
