<?xml version="1.0" encoding="UTF-8"?>
<!-- Generated by org.testng.reporters.JUnitReportReporter -->
<testsuite hostname="LAPTOP-CS5SNTU8" failures="0" tests="4" name="api.test.UserTests2" time="2.184" errors="0" timestamp="2024-02-27T00:33:20 EST" skipped="0">
  <testcase classname="api.test.UserTests2" name="testPostUser" time="1.425"/>
  <testcase classname="api.test.UserTests2" name="testGetUserByName" time="0.194"/>
  <testcase classname="api.test.UserTests2" name="testUpdateUserByName" time="0.383"/>
  <testcase classname="api.test.UserTests2" name="testDeleteUserByName" time="0.182"/>
</testsuite> <!-- api.test.UserTests2 -->
