<?xml version="1.0" encoding="UTF-8"?>
<!-- Generated by org.testng.reporters.JUnitReportReporter -->
<testsuite hostname="LAPTOP-CS5SNTU8" failures="0" tests="4" name="api.test.UserTests" time="2.086" errors="0" timestamp="2024-02-26T23:43:58 EST" skipped="0">
  <testcase classname="api.test.UserTests" name="testPostUser" time="1.314"/>
  <testcase classname="api.test.UserTests" name="testGetUserByName" time="0.202"/>
  <testcase classname="api.test.UserTests" name="testUpdateUserByName" time="0.388"/>
  <testcase classname="api.test.UserTests" name="testDeleteUserByName" time="0.182"/>
</testsuite> <!-- api.test.UserTests -->
