<?xml version="1.0" encoding="UTF-8"?>
<!-- Generated by org.testng.reporters.JUnitReportReporter -->
<testsuite hostname="LAPTOP-CS5SNTU8" failures="0" tests="4" name="api.test.UserTests2" time="3.323" errors="0" timestamp="2024-02-27T22:23:42 EST" skipped="0">
  <testcase classname="api.test.UserTests2" name="testPostUser" time="2.411"/>
  <testcase classname="api.test.UserTests2" name="testGetUserByName" time="0.240"/>
  <testcase classname="api.test.UserTests2" name="testUpdateUserByName" time="0.464"/>
  <testcase classname="api.test.UserTests2" name="testDeleteUserByName" time="0.208"/>
</testsuite> <!-- api.test.UserTests2 -->
